Build started 1/14/2015 2:41:41 PM.
     1>Project "U:\Documents\cs\4550\robust\robust\robust.vcxproj" on node 2 (build target(s)).
     1>InitializeBuildStatus:
         Creating "Debug\robust.unsuccessfulbuild" because "AlwaysCreate" was specified.
       ClCompile:
         c:\Program Files (x86)\Microsoft Visual Studio 10.0\VC\bin\CL.exe /c /ZI /nologo /W3 /WX- /Od /Oy- /D WIN32 /D _DEBUG /D _CONSOLE /D _UNICODE /D UNICODE /Gm /EHsc /RTC1 /MDd /GS /fp:precise /Zc:wchar_t /Zc:forScope /Fo"Debug\\" /Fd"Debug\vc100.pdb" /Gd /TP /analyze- /errorReport:prompt robust.cpp
         robust.cpp
     1>u:\documents\cs\4550\robust\robust\robust.cpp(18): warning C4101: 'y' : unreferenced local variable
       ManifestResourceCompile:
         All outputs are up-to-date.
       Link:
         c:\Program Files (x86)\Microsoft Visual Studio 10.0\VC\bin\link.exe /ERRORREPORT:PROMPT /OUT:"U:\Documents\cs\4550\robust\Debug\robust.exe" /INCREMENTAL /NOLOGO kernel32.lib user32.lib gdi32.lib winspool.lib comdlg32.lib advapi32.lib shell32.lib ole32.lib oleaut32.lib uuid.lib odbc32.lib odbccp32.lib /MANIFEST /ManifestFile:"Debug\robust.exe.intermediate.manifest" /MANIFESTUAC:"level='asInvoker' uiAccess='false'" /DEBUG /PDB:"U:\Documents\cs\4550\robust\Debug\robust.pdb" /SUBSYSTEM:CONSOLE /TLBID:1 /DYNAMICBASE /NXCOMPAT /IMPLIB:"U:\Documents\cs\4550\robust\Debug\robust.lib" /MACHINE:X86 Debug\robust.exe.embed.manifest.res
         Debug\robust.obj
       Manifest:
         C:\Program Files (x86)\Microsoft SDKs\Windows\v7.0A\bin\mt.exe /nologo /verbose /out:"Debug\robust.exe.embed.manifest" /manifest Debug\robust.exe.intermediate.manifest
         All outputs are up-to-date.
       LinkEmbedManifest:
         c:\Program Files (x86)\Microsoft Visual Studio 10.0\VC\bin\link.exe /ERRORREPORT:PROMPT /OUT:"U:\Documents\cs\4550\robust\Debug\robust.exe" /INCREMENTAL /NOLOGO kernel32.lib user32.lib gdi32.lib winspool.lib comdlg32.lib advapi32.lib shell32.lib ole32.lib oleaut32.lib uuid.lib odbc32.lib odbccp32.lib /MANIFEST /ManifestFile:"Debug\robust.exe.intermediate.manifest" /MANIFESTUAC:"level='asInvoker' uiAccess='false'" /DEBUG /PDB:"U:\Documents\cs\4550\robust\Debug\robust.pdb" /SUBSYSTEM:CONSOLE /TLBID:1 /DYNAMICBASE /NXCOMPAT /IMPLIB:"U:\Documents\cs\4550\robust\Debug\robust.lib" /MACHINE:X86 Debug\robust.exe.embed.manifest.res
         Debug\robust.obj
         robust.vcxproj -> U:\Documents\cs\4550\robust\Debug\robust.exe
       FinalizeBuildStatus:
         Deleting file "Debug\robust.unsuccessfulbuild".
         Touching "Debug\robust.lastbuildstate".
     1>Done Building Project "U:\Documents\cs\4550\robust\robust\robust.vcxproj" (build target(s)).

Build succeeded.

Time Elapsed 00:00:03.97
