Build started 4/8/2015 12:20:26 AM.
     1>Project "F:\cs\4550\Scanner\Scanner\Scanner.vcxproj" on node 2 (build target(s)).
     1>InitializeBuildStatus:
         Touching "Debug\Scanner.unsuccessfulbuild".
       ClCompile:
         C:\Program Files (x86)\Microsoft Visual Studio 10.0\VC\bin\CL.exe /c /ZI /nologo /W3 /WX- /Od /Oy- /D WIN32 /D _DEBUG /D _CONSOLE /D _UNICODE /D UNICODE /Gm /EHsc /RTC1 /MDd /GS /fp:precise /Zc:wchar_t /Zc:forScope /Fo"Debug\\" /Fd"Debug\vc100.pdb" /Gd /TP /analyze- /errorReport:prompt Main.cpp Node.cpp
         Node.cpp
     1>f:\cs\4550\scanner\scanner\node.cpp(36): warning C4355: 'this' : used in base member initializer list
     1>f:\cs\4550\scanner\scanner\node.cpp(56): warning C4150: deletion of pointer to incomplete type 'IdentifierNode'; no destructor called
                 f:\cs\4550\scanner\scanner\node.h(17) : see declaration of 'IdentifierNode'
     1>f:\cs\4550\scanner\scanner\node.cpp(63): warning C4150: deletion of pointer to incomplete type 'IdentifierNode'; no destructor called
                 f:\cs\4550\scanner\scanner\node.h(17) : see declaration of 'IdentifierNode'
     1>f:\cs\4550\scanner\scanner\node.cpp(64): warning C4150: deletion of pointer to incomplete type 'ExpressionNode'; no destructor called
                 f:\cs\4550\scanner\scanner\node.h(18) : see declaration of 'ExpressionNode'
         Generating Code...
         Compiling...
         Main.cpp
         Generating Code...
       ManifestResourceCompile:
         C:\Program Files (x86)\Microsoft SDKs\Windows\v7.0A\bin\rc.exe /nologo /fo"Debug\Scanner.exe.embed.manifest.res" Debug\Scanner_manifest.rc 
       Link:
         C:\Program Files (x86)\Microsoft Visual Studio 10.0\VC\bin\link.exe /ERRORREPORT:PROMPT /OUT:"F:\cs\4550\Scanner\Debug\Scanner.exe" /INCREMENTAL /NOLOGO kernel32.lib user32.lib gdi32.lib winspool.lib comdlg32.lib advapi32.lib shell32.lib ole32.lib oleaut32.lib uuid.lib odbc32.lib odbccp32.lib /MANIFEST /ManifestFile:"Debug\Scanner.exe.intermediate.manifest" /MANIFESTUAC:"level='asInvoker' uiAccess='false'" /DEBUG /PDB:"F:\cs\4550\Scanner\Debug\Scanner.pdb" /SUBSYSTEM:CONSOLE /TLBID:1 /DYNAMICBASE /NXCOMPAT /IMPLIB:"F:\cs\4550\Scanner\Debug\Scanner.lib" /MACHINE:X86 Debug\Scanner.exe.embed.manifest.res
         Debug\Main.obj
         Debug\Node.obj
         Debug\Scanner.obj
         Debug\StateMachine.obj
         Debug\Symbol.obj
         Debug\Token.obj
       Manifest:
         C:\Program Files (x86)\Microsoft SDKs\Windows\v7.0A\bin\mt.exe /nologo /verbose /out:"Debug\Scanner.exe.embed.manifest" /manifest Debug\Scanner.exe.intermediate.manifest
         C:\Program Files (x86)\Microsoft SDKs\Windows\v7.0A\bin\rc.exe /nologo /fo"Debug\Scanner.exe.embed.manifest.res" Debug\Scanner_manifest.rc 
       LinkEmbedManifest:
         C:\Program Files (x86)\Microsoft Visual Studio 10.0\VC\bin\link.exe /ERRORREPORT:PROMPT /OUT:"F:\cs\4550\Scanner\Debug\Scanner.exe" /INCREMENTAL /NOLOGO kernel32.lib user32.lib gdi32.lib winspool.lib comdlg32.lib advapi32.lib shell32.lib ole32.lib oleaut32.lib uuid.lib odbc32.lib odbccp32.lib /MANIFEST /ManifestFile:"Debug\Scanner.exe.intermediate.manifest" /MANIFESTUAC:"level='asInvoker' uiAccess='false'" /DEBUG /PDB:"F:\cs\4550\Scanner\Debug\Scanner.pdb" /SUBSYSTEM:CONSOLE /TLBID:1 /DYNAMICBASE /NXCOMPAT /IMPLIB:"F:\cs\4550\Scanner\Debug\Scanner.lib" /MACHINE:X86 Debug\Scanner.exe.embed.manifest.res
         Debug\Main.obj
         Debug\Node.obj
         Debug\Scanner.obj
         Debug\StateMachine.obj
         Debug\Symbol.obj
         Debug\Token.obj
         Scanner.vcxproj -> F:\cs\4550\Scanner\Debug\Scanner.exe
       FinalizeBuildStatus:
         Deleting file "Debug\Scanner.unsuccessfulbuild".
         Touching "Debug\Scanner.lastbuildstate".
     1>Done Building Project "F:\cs\4550\Scanner\Scanner\Scanner.vcxproj" (build target(s)).

Build succeeded.

Time Elapsed 00:00:01.93
